2024-06-05 09:43:38,753 INFO o.a.j.u.JMeterUtils: Setting Locale to en_EN
2024-06-05 09:43:38,773 INFO o.a.j.JMeter: Loading user properties from: /opt/homebrew/Cellar/jmeter/5.6.3/libexec/bin/user.properties
2024-06-05 09:43:38,773 INFO o.a.j.JMeter: Loading system properties from: /opt/homebrew/Cellar/jmeter/5.6.3/libexec/bin/system.properties
2024-06-05 09:43:38,776 INFO o.a.j.JMeter: Copyright (c) 1998-2024 The Apache Software Foundation
2024-06-05 09:43:38,776 INFO o.a.j.JMeter: Version 5.6.3
2024-06-05 09:43:38,776 INFO o.a.j.JMeter: java.version=21.0.2
2024-06-05 09:43:38,777 INFO o.a.j.JMeter: java.vm.name=OpenJDK 64-Bit Server VM
2024-06-05 09:43:38,777 INFO o.a.j.JMeter: os.name=Mac OS X
2024-06-05 09:43:38,777 INFO o.a.j.JMeter: os.arch=aarch64
2024-06-05 09:43:38,777 INFO o.a.j.JMeter: os.version=14.5
2024-06-05 09:43:38,777 INFO o.a.j.JMeter: file.encoding=UTF-8
2024-06-05 09:43:38,777 INFO o.a.j.JMeter: java.awt.headless=null
2024-06-05 09:43:38,777 INFO o.a.j.JMeter: Max memory     =1073741824
2024-06-05 09:43:38,777 INFO o.a.j.JMeter: Available Processors =8
2024-06-05 09:43:38,783 INFO o.a.j.JMeter: Default Locale=English (EN)
2024-06-05 09:43:38,783 INFO o.a.j.JMeter: JMeter  Locale=English (EN)
2024-06-05 09:43:38,783 INFO o.a.j.JMeter: JMeterHome=/opt/homebrew/Cellar/jmeter/5.6.3/libexec
2024-06-05 09:43:38,783 INFO o.a.j.JMeter: user.dir  =/Users/muharremcandan/Desktop/kalite-project
2024-06-05 09:43:38,783 INFO o.a.j.JMeter: PWD       =/Users/muharremcandan/Desktop/kalite-project
2024-06-05 09:43:38,789 INFO o.a.j.JMeter: IP: 192.168.137.213 Name: letgo-WFXLJY9LH3.mshome.net FullName: letgo-wfxljy9lh3.mshome.net
2024-06-05 09:43:38,797 INFO o.a.j.JMeter: Loaded icon properties from org/apache/jmeter/images/icon.properties
2024-06-05 09:43:39,272 INFO o.a.j.JMeterGuiLauncher: Setting LAF to: com.github.weisj.darklaf.DarkLaf:com.github.weisj.darklaf.theme.DarculaTheme
2024-06-05 09:43:40,368 INFO o.a.j.r.ClassFinder: Will scan jar /opt/homebrew/Cellar/jmeter/5.6.3/libexec/lib/ext/jmeter-plugins-manager-1.9.jar with filter ExtendsClassFilter [parents=[interface org.apache.jmeter.gui.action.Command], inner=false, contains=null, notContains=null]. Consider exposing JMeter plugins via META-INF/services, and add JMeter-Skip-Class-Scanning=true manifest attribute so JMeter can skip classfile scanning
2024-06-05 09:43:40,447 INFO o.a.j.r.ClassFinder: Will scan jar /opt/homebrew/Cellar/jmeter/5.6.3/libexec/lib/ext/jmeter-plugins-manager-1.9.jar with filter ExtendsClassFilter [parents=[interface org.apache.jmeter.gui.plugin.MenuCreator], inner=false, contains=null, notContains=null]. Consider exposing JMeter plugins via META-INF/services, and add JMeter-Skip-Class-Scanning=true manifest attribute so JMeter can skip classfile scanning
2024-06-05 09:43:40,520 INFO o.j.r.JARSourceHTTP: Requesting https://jmeter-plugins.org/repo/?installID=mac_os_x-3406590bddd74578369e5a217fb37faa-gui
2024-06-05 09:43:42,697 INFO o.j.r.PluginManager: Plugins Status: [jpgc-plugins-manager=1.9, jmeter-core=5.6.3, jmeter-ftp=5.6.3, jmeter-http=5.6.3, jmeter-jdbc=5.6.3, jmeter-jms=5.6.3, jmeter-junit=5.6.3, jmeter-java=5.6.3, jmeter-ldap=5.6.3, jmeter-mail=5.6.3, jmeter-mongodb=5.6.3, jmeter-native=5.6.3, jmeter-tcp=5.6.3, jmeter-components=5.6.3]
2024-06-05 09:43:42,697 INFO o.j.r.PluginManagerMenuItem: Plugins Manager has upgrades: [jpgc-plugins-manager]
2024-06-05 09:43:50,675 INFO o.a.j.s.FileServer: Default base='/Users/muharremcandan/Desktop/kalite-project'
2024-06-05 09:43:50,682 INFO o.a.j.g.a.Load: Loading file: /Users/muharremcandan/Desktop/kalite-project/HTTP Request.jmx
2024-06-05 09:43:50,682 INFO o.a.j.s.FileServer: Set new base='/Users/muharremcandan/Desktop/kalite-project'
2024-06-05 09:43:50,779 INFO o.a.j.s.SaveService: Testplan (JMX) version: 2.2. Testlog (JTL) version: 2.2
2024-06-05 09:43:50,784 INFO o.a.j.s.SaveService: Using SaveService properties version 5.0
2024-06-05 09:43:50,785 INFO o.a.j.s.SaveService: Using SaveService properties file encoding UTF-8
2024-06-05 09:43:50,786 INFO o.a.j.s.SaveService: Loading file: /Users/muharremcandan/Desktop/kalite-project/HTTP Request.jmx
2024-06-05 09:43:50,842 INFO o.a.j.p.h.s.HTTPSamplerBase: Parser for text/html is org.apache.jmeter.protocol.http.parser.LagartoBasedHtmlParser
2024-06-05 09:43:50,842 INFO o.a.j.p.h.s.HTTPSamplerBase: Parser for application/xhtml+xml is org.apache.jmeter.protocol.http.parser.LagartoBasedHtmlParser
2024-06-05 09:43:50,842 INFO o.a.j.p.h.s.HTTPSamplerBase: Parser for application/xml is org.apache.jmeter.protocol.http.parser.LagartoBasedHtmlParser
2024-06-05 09:43:50,842 INFO o.a.j.p.h.s.HTTPSamplerBase: Parser for text/xml is org.apache.jmeter.protocol.http.parser.LagartoBasedHtmlParser
2024-06-05 09:43:50,842 INFO o.a.j.p.h.s.HTTPSamplerBase: Parser for text/vnd.wap.wml is org.apache.jmeter.protocol.http.parser.RegexpHTMLParser
2024-06-05 09:43:50,842 INFO o.a.j.p.h.s.HTTPSamplerBase: Parser for text/css is org.apache.jmeter.protocol.http.parser.CssParser
2024-06-05 09:43:51,055 INFO o.a.j.s.SampleResult: Note: Sample TimeStamps are START times
2024-06-05 09:43:51,055 INFO o.a.j.s.SampleResult: sampleresult.default.encoding is set to UTF-8
2024-06-05 09:43:51,055 INFO o.a.j.s.SampleResult: sampleresult.useNanoTime=true
2024-06-05 09:43:51,055 INFO o.a.j.s.SampleResult: sampleresult.nanoThreadSleep=5000
2024-06-05 09:43:51,120 INFO o.a.j.r.ClassFinder: Will scan jar /opt/homebrew/Cellar/jmeter/5.6.3/libexec/lib/ext/jmeter-plugins-manager-1.9.jar with filter ExtendsClassFilter [parents=[interface org.apache.jmeter.visualizers.ResultRenderer], inner=false, contains=null, notContains=null]. Consider exposing JMeter plugins via META-INF/services, and add JMeter-Skip-Class-Scanning=true manifest attribute so JMeter can skip classfile scanning
2024-06-05 09:43:51,131 INFO o.a.j.r.ClassFinder: Will scan jar /opt/homebrew/Cellar/jmeter/5.6.3/libexec/lib/ext/jmeter-plugins-manager-1.9.jar with filter ExtendsClassFilter [parents=[interface org.apache.jmeter.visualizers.RequestView], inner=false, contains=null, notContains=null]. Consider exposing JMeter plugins via META-INF/services, and add JMeter-Skip-Class-Scanning=true manifest attribute so JMeter can skip classfile scanning
2024-06-05 09:43:51,155 INFO o.a.j.r.ClassFinder: Will scan jar /opt/homebrew/Cellar/jmeter/5.6.3/libexec/lib/ext/jmeter-plugins-manager-1.9.jar with filter ExtendsClassFilter [parents=[interface org.apache.jmeter.visualizers.ResultRenderer], inner=false, contains=null, notContains=null]. Consider exposing JMeter plugins via META-INF/services, and add JMeter-Skip-Class-Scanning=true manifest attribute so JMeter can skip classfile scanning
2024-06-05 09:43:51,162 INFO o.a.j.r.ClassFinder: Will scan jar /opt/homebrew/Cellar/jmeter/5.6.3/libexec/lib/ext/jmeter-plugins-manager-1.9.jar with filter ExtendsClassFilter [parents=[interface org.apache.jmeter.visualizers.RequestView], inner=false, contains=null, notContains=null]. Consider exposing JMeter plugins via META-INF/services, and add JMeter-Skip-Class-Scanning=true manifest attribute so JMeter can skip classfile scanning
2024-06-05 09:43:51,194 INFO o.a.j.r.ClassFinder: Will scan jar /opt/homebrew/Cellar/jmeter/5.6.3/libexec/lib/ext/jmeter-plugins-manager-1.9.jar with filter ExtendsClassFilter [parents=[interface org.apache.jmeter.visualizers.ResultRenderer], inner=false, contains=null, notContains=null]. Consider exposing JMeter plugins via META-INF/services, and add JMeter-Skip-Class-Scanning=true manifest attribute so JMeter can skip classfile scanning
2024-06-05 09:43:51,199 INFO o.a.j.r.ClassFinder: Will scan jar /opt/homebrew/Cellar/jmeter/5.6.3/libexec/lib/ext/jmeter-plugins-manager-1.9.jar with filter ExtendsClassFilter [parents=[interface org.apache.jmeter.visualizers.RequestView], inner=false, contains=null, notContains=null]. Consider exposing JMeter plugins via META-INF/services, and add JMeter-Skip-Class-Scanning=true manifest attribute so JMeter can skip classfile scanning
2024-06-05 09:43:51,227 INFO o.a.j.s.FileServer: Set new base='/Users/muharremcandan/Desktop/kalite-project'
2024-06-05 09:43:55,660 INFO o.a.j.e.StandardJMeterEngine: Running the test!
2024-06-05 09:43:55,660 INFO o.a.j.s.SampleEvent: List of sample_variables: []
2024-06-05 09:43:55,660 INFO o.a.j.s.SampleEvent: List of sample_variables: []
2024-06-05 09:43:55,661 INFO o.a.j.e.u.CompoundVariable: Note: Function class names must contain the string: '.functions.'
2024-06-05 09:43:55,661 INFO o.a.j.e.u.CompoundVariable: Note: Function class names must not contain the string: '.gui.'
2024-06-05 09:43:55,689 INFO o.a.j.r.ClassFinder: Will scan jar /opt/homebrew/Cellar/jmeter/5.6.3/libexec/lib/ext/jmeter-plugins-manager-1.9.jar with filter ExtendsClassFilter [parents=[interface org.apache.jmeter.functions.Function], inner=false, contains=null, notContains=null]. Consider exposing JMeter plugins via META-INF/services, and add JMeter-Skip-Class-Scanning=true manifest attribute so JMeter can skip classfile scanning
2024-06-05 09:43:55,692 INFO o.a.j.g.u.JMeterMenuBar: setRunning(true, *local*)
2024-06-05 09:43:55,720 INFO o.a.j.e.StandardJMeterEngine: Starting ThreadGroup: 1 : Thread Group
2024-06-05 09:43:55,720 INFO o.a.j.e.StandardJMeterEngine: Starting 100 threads for group Thread Group.
2024-06-05 09:43:55,720 INFO o.a.j.e.StandardJMeterEngine: Thread will continue on error
2024-06-05 09:43:55,720 INFO o.a.j.t.ThreadGroup: Starting thread group... number=1 threads=100 ramp-up=10 delayedStart=true
2024-06-05 09:43:55,721 INFO o.a.j.t.ThreadGroup: Started thread group number 1
2024-06-05 09:43:55,721 INFO o.a.j.e.StandardJMeterEngine: Starting ThreadGroup: 2 : Java Threads
2024-06-05 09:43:55,721 INFO o.a.j.e.StandardJMeterEngine: Starting 10 threads for group Java Threads.
2024-06-05 09:43:55,721 INFO o.a.j.e.StandardJMeterEngine: Thread will continue on error
2024-06-05 09:43:55,721 INFO o.a.j.t.ThreadGroup: Starting thread group... number=2 threads=10 ramp-up=1 delayedStart=false
2024-06-05 09:43:55,723 INFO o.a.j.t.JMeterThread: Thread started: Thread Group 1-1
2024-06-05 09:43:55,723 INFO o.a.j.t.JMeterThread: Thread started: Java Threads 2-1
2024-06-05 09:43:55,723 INFO o.a.j.t.ThreadGroup: Started thread group number 2
2024-06-05 09:43:55,724 INFO o.a.j.e.StandardJMeterEngine: All thread groups have been started
2024-06-05 09:43:55,728 INFO o.a.j.p.h.s.HTTPHCAbstractImpl: Local host = letgo-WFXLJY9LH3.mshome.net
2024-06-05 09:43:55,732 INFO o.a.j.p.h.s.HTTPHC4Impl: HTTP request retry count = 0
2024-06-05 09:43:55,827 INFO o.a.j.t.JMeterThread: Thread started: Java Threads 2-2
2024-06-05 09:43:55,828 INFO o.a.j.t.JMeterThread: Thread started: Thread Group 1-2
2024-06-05 09:43:55,924 INFO o.a.j.t.JMeterThread: Thread started: Java Threads 2-3
2024-06-05 09:43:55,932 INFO o.a.j.t.JMeterThread: Thread started: Thread Group 1-3
2024-06-05 09:43:56,023 INFO o.a.j.t.JMeterThread: Thread started: Java Threads 2-4
2024-06-05 09:43:56,034 INFO o.a.j.t.JMeterThread: Thread started: Thread Group 1-4
2024-06-05 09:43:56,126 INFO o.a.j.t.JMeterThread: Thread started: Java Threads 2-5
2024-06-05 09:43:56,141 INFO o.a.j.t.JMeterThread: Thread started: Thread Group 1-5
2024-06-05 09:43:56,223 INFO o.a.j.t.JMeterThread: Thread started: Java Threads 2-6
2024-06-05 09:43:56,246 INFO o.a.j.t.JMeterThread: Thread started: Thread Group 1-6
2024-06-05 09:43:56,321 INFO o.a.j.t.JMeterThread: Thread started: Java Threads 2-7
2024-06-05 09:43:56,348 INFO o.a.j.t.JMeterThread: Thread started: Thread Group 1-7
2024-06-05 09:43:56,426 INFO o.a.j.t.JMeterThread: Thread started: Java Threads 2-8
2024-06-05 09:43:56,454 INFO o.a.j.t.JMeterThread: Thread started: Thread Group 1-8
2024-06-05 09:43:56,522 INFO o.a.j.t.JMeterThread: Thread started: Java Threads 2-9
2024-06-05 09:43:56,556 INFO o.a.j.t.JMeterThread: Thread started: Thread Group 1-9
2024-06-05 09:43:56,627 INFO o.a.j.t.JMeterThread: Thread started: Java Threads 2-10
2024-06-05 09:43:56,658 INFO o.a.j.t.JMeterThread: Thread started: Thread Group 1-10
2024-06-05 09:43:56,727 INFO o.a.j.t.JMeterThread: Thread is done: Thread Group 1-2
2024-06-05 09:43:56,727 INFO o.a.j.t.JMeterThread: Thread finished: Thread Group 1-2
2024-06-05 09:43:56,763 INFO o.a.j.t.JMeterThread: Thread is done: Thread Group 1-1
2024-06-05 09:43:56,763 INFO o.a.j.t.JMeterThread: Thread finished: Thread Group 1-1
2024-06-05 09:43:56,765 INFO o.a.j.t.JMeterThread: Thread started: Thread Group 1-11
2024-06-05 09:43:56,869 INFO o.a.j.t.JMeterThread: Thread started: Thread Group 1-12
2024-06-05 09:43:56,971 INFO o.a.j.t.JMeterThread: Thread started: Thread Group 1-13
2024-06-05 09:43:56,980 INFO o.a.j.t.JMeterThread: Thread is done: Thread Group 1-3
2024-06-05 09:43:56,980 INFO o.a.j.t.JMeterThread: Thread finished: Thread Group 1-3
2024-06-05 09:43:57,074 INFO o.a.j.t.JMeterThread: Thread started: Thread Group 1-14
2024-06-05 09:43:57,176 INFO o.a.j.t.JMeterThread: Thread started: Thread Group 1-15
2024-06-05 09:43:57,280 INFO o.a.j.t.JMeterThread: Thread started: Thread Group 1-16
2024-06-05 09:43:57,311 INFO o.a.j.t.JMeterThread: Thread is done: Thread Group 1-4
2024-06-05 09:43:57,311 INFO o.a.j.t.JMeterThread: Thread finished: Thread Group 1-4
2024-06-05 09:43:57,382 INFO o.a.j.t.JMeterThread: Thread started: Thread Group 1-17
2024-06-05 09:43:57,489 INFO o.a.j.t.JMeterThread: Thread started: Thread Group 1-18
2024-06-05 09:43:57,568 INFO o.a.j.t.JMeterThread: Thread is done: Thread Group 1-6
2024-06-05 09:43:57,569 INFO o.a.j.t.JMeterThread: Thread finished: Thread Group 1-6
2024-06-05 09:43:57,592 INFO o.a.j.t.JMeterThread: Thread started: Thread Group 1-19
2024-06-05 09:43:57,697 INFO o.a.j.t.JMeterThread: Thread started: Thread Group 1-20
2024-06-05 09:43:57,760 INFO o.a.j.t.JMeterThread: Thread is done: Thread Group 1-7
2024-06-05 09:43:57,760 INFO o.a.j.t.JMeterThread: Thread finished: Thread Group 1-7
2024-06-05 09:43:57,800 INFO o.a.j.t.JMeterThread: Thread started: Thread Group 1-21
2024-06-05 09:43:57,827 INFO o.a.j.t.JMeterThread: Thread is done: Thread Group 1-5
2024-06-05 09:43:57,827 INFO o.a.j.t.JMeterThread: Thread finished: Thread Group 1-5
2024-06-05 09:43:57,901 INFO o.a.j.t.JMeterThread: Thread started: Thread Group 1-22
2024-06-05 09:43:57,940 INFO o.a.j.t.JMeterThread: Thread is done: Thread Group 1-8
2024-06-05 09:43:57,940 INFO o.a.j.t.JMeterThread: Thread finished: Thread Group 1-8
2024-06-05 09:43:58,004 INFO o.a.j.t.JMeterThread: Thread started: Thread Group 1-23
2024-06-05 09:43:58,108 INFO o.a.j.t.JMeterThread: Thread started: Thread Group 1-24
2024-06-05 09:43:58,213 INFO o.a.j.t.JMeterThread: Thread started: Thread Group 1-25
2024-06-05 09:43:58,317 INFO o.a.j.t.JMeterThread: Thread started: Thread Group 1-26
2024-06-05 09:43:58,426 INFO o.a.j.t.JMeterThread: Thread started: Thread Group 1-27
2024-06-05 09:43:58,459 INFO o.a.j.t.JMeterThread: Thread is done: Thread Group 1-9
2024-06-05 09:43:58,460 INFO o.a.j.t.JMeterThread: Thread finished: Thread Group 1-9
2024-06-05 09:43:58,531 INFO o.a.j.t.JMeterThread: Thread started: Thread Group 1-28
2024-06-05 09:43:58,635 INFO o.a.j.t.JMeterThread: Thread started: Thread Group 1-29
2024-06-05 09:43:58,737 INFO o.a.j.t.JMeterThread: Thread started: Thread Group 1-30
2024-06-05 09:43:58,840 INFO o.a.j.t.JMeterThread: Thread started: Thread Group 1-31
2024-06-05 09:43:58,943 INFO o.a.j.t.JMeterThread: Thread started: Thread Group 1-32
2024-06-05 09:43:58,953 INFO o.a.j.t.JMeterThread: Thread is done: Thread Group 1-10
2024-06-05 09:43:58,953 INFO o.a.j.t.JMeterThread: Thread finished: Thread Group 1-10
2024-06-05 09:43:59,048 INFO o.a.j.t.JMeterThread: Thread started: Thread Group 1-33
2024-06-05 09:43:59,149 INFO o.a.j.t.JMeterThread: Thread started: Thread Group 1-34
2024-06-05 09:43:59,250 INFO o.a.j.t.JMeterThread: Thread started: Thread Group 1-35
2024-06-05 09:43:59,356 INFO o.a.j.t.JMeterThread: Thread started: Thread Group 1-36
2024-06-05 09:43:59,405 INFO o.a.j.t.JMeterThread: Thread is done: Thread Group 1-13
2024-06-05 09:43:59,406 INFO o.a.j.t.JMeterThread: Thread finished: Thread Group 1-13
2024-06-05 09:43:59,457 INFO o.a.j.t.JMeterThread: Thread started: Thread Group 1-37
2024-06-05 09:43:59,558 INFO o.a.j.t.JMeterThread: Thread started: Thread Group 1-38
2024-06-05 09:43:59,661 INFO o.a.j.t.JMeterThread: Thread started: Thread Group 1-39
2024-06-05 09:43:59,766 INFO o.a.j.t.JMeterThread: Thread started: Thread Group 1-40
2024-06-05 09:43:59,867 INFO o.a.j.t.JMeterThread: Thread started: Thread Group 1-41
2024-06-05 09:43:59,972 INFO o.a.j.t.JMeterThread: Thread started: Thread Group 1-42
2024-06-05 09:43:59,997 INFO o.a.j.t.JMeterThread: Thread is done: Thread Group 1-11
2024-06-05 09:43:59,998 INFO o.a.j.t.JMeterThread: Thread finished: Thread Group 1-11
2024-06-05 09:44:00,008 INFO o.a.j.t.JMeterThread: Thread is done: Thread Group 1-12
2024-06-05 09:44:00,008 INFO o.a.j.t.JMeterThread: Thread finished: Thread Group 1-12
2024-06-05 09:44:00,072 INFO o.a.j.t.JMeterThread: Thread started: Thread Group 1-43
2024-06-05 09:44:00,177 INFO o.a.j.t.JMeterThread: Thread started: Thread Group 1-44
2024-06-05 09:44:00,281 INFO o.a.j.t.JMeterThread: Thread started: Thread Group 1-45
2024-06-05 09:44:00,386 INFO o.a.j.t.JMeterThread: Thread started: Thread Group 1-46
2024-06-05 09:44:00,489 INFO o.a.j.t.JMeterThread: Thread started: Thread Group 1-47
2024-06-05 09:44:00,593 INFO o.a.j.t.JMeterThread: Thread started: Thread Group 1-48
2024-06-05 09:44:00,693 INFO o.a.j.t.JMeterThread: Thread started: Thread Group 1-49
2024-06-05 09:44:00,793 INFO o.a.j.t.JMeterThread: Thread started: Thread Group 1-50
2024-06-05 09:44:00,892 INFO o.a.j.t.JMeterThread: Thread started: Thread Group 1-51
2024-06-05 09:44:00,922 INFO o.a.j.t.JMeterThread: Thread is done: Thread Group 1-16
2024-06-05 09:44:00,922 INFO o.a.j.t.JMeterThread: Thread finished: Thread Group 1-16
2024-06-05 09:44:00,997 INFO o.a.j.t.JMeterThread: Thread started: Thread Group 1-52
2024-06-05 09:44:01,008 INFO o.a.j.t.JMeterThread: Thread is done: Thread Group 1-15
2024-06-05 09:44:01,008 INFO o.a.j.t.JMeterThread: Thread finished: Thread Group 1-15
2024-06-05 09:44:01,101 INFO o.a.j.t.JMeterThread: Thread started: Thread Group 1-53
2024-06-05 09:44:01,132 INFO o.a.j.t.JMeterThread: Thread is done: Thread Group 1-14
2024-06-05 09:44:01,132 INFO o.a.j.t.JMeterThread: Thread finished: Thread Group 1-14
2024-06-05 09:44:01,199 INFO o.a.j.t.JMeterThread: Thread started: Thread Group 1-54
2024-06-05 09:44:01,303 INFO o.a.j.t.JMeterThread: Thread started: Thread Group 1-55
2024-06-05 09:44:01,407 INFO o.a.j.t.JMeterThread: Thread started: Thread Group 1-56
2024-06-05 09:44:01,510 INFO o.a.j.t.JMeterThread: Thread started: Thread Group 1-57
2024-06-05 09:44:01,561 INFO o.a.j.t.JMeterThread: Thread is done: Thread Group 1-18
2024-06-05 09:44:01,561 INFO o.a.j.t.JMeterThread: Thread finished: Thread Group 1-18
2024-06-05 09:44:01,610 INFO o.a.j.t.JMeterThread: Thread started: Thread Group 1-58
2024-06-05 09:44:01,631 INFO o.a.j.t.JMeterThread: Thread is done: Thread Group 1-19
2024-06-05 09:44:01,631 INFO o.a.j.t.JMeterThread: Thread finished: Thread Group 1-19
2024-06-05 09:44:01,713 INFO o.a.j.t.JMeterThread: Thread started: Thread Group 1-59
2024-06-05 09:44:01,752 INFO o.a.j.t.JMeterThread: Thread is done: Thread Group 1-17
2024-06-05 09:44:01,753 INFO o.a.j.t.JMeterThread: Thread finished: Thread Group 1-17
2024-06-05 09:44:01,816 INFO o.a.j.t.JMeterThread: Thread started: Thread Group 1-60
2024-06-05 09:44:01,916 INFO o.a.j.t.JMeterThread: Thread started: Thread Group 1-61
2024-06-05 09:44:02,020 INFO o.a.j.t.JMeterThread: Thread started: Thread Group 1-62
2024-06-05 09:44:02,024 INFO o.a.j.t.JMeterThread: Thread is done: Thread Group 1-26
2024-06-05 09:44:02,024 INFO o.a.j.t.JMeterThread: Thread finished: Thread Group 1-26
2024-06-05 09:44:02,047 INFO o.a.j.t.JMeterThread: Thread is done: Thread Group 1-27
2024-06-05 09:44:02,047 INFO o.a.j.t.JMeterThread: Thread finished: Thread Group 1-27
2024-06-05 09:44:02,120 INFO o.a.j.t.JMeterThread: Thread started: Thread Group 1-63
2024-06-05 09:44:02,217 INFO o.a.j.t.JMeterThread: Thread started: Thread Group 1-64
2024-06-05 09:44:02,317 INFO o.a.j.t.JMeterThread: Thread is done: Thread Group 1-22
2024-06-05 09:44:02,317 INFO o.a.j.t.JMeterThread: Thread finished: Thread Group 1-22
2024-06-05 09:44:02,320 INFO o.a.j.t.JMeterThread: Thread started: Thread Group 1-65
2024-06-05 09:44:02,419 INFO o.a.j.t.JMeterThread: Thread started: Thread Group 1-66
2024-06-05 09:44:02,519 INFO o.a.j.t.JMeterThread: Thread started: Thread Group 1-67
2024-06-05 09:44:02,617 INFO o.a.j.t.JMeterThread: Thread started: Thread Group 1-68
2024-06-05 09:44:02,719 INFO o.a.j.t.JMeterThread: Thread started: Thread Group 1-69
2024-06-05 09:44:02,742 INFO o.a.j.t.JMeterThread: Thread is done: Thread Group 1-21
2024-06-05 09:44:02,742 INFO o.a.j.t.JMeterThread: Thread finished: Thread Group 1-21
2024-06-05 09:44:02,818 INFO o.a.j.t.JMeterThread: Thread started: Thread Group 1-70
2024-06-05 09:44:02,837 INFO o.a.j.t.JMeterThread: Thread is done: Thread Group 1-24
2024-06-05 09:44:02,837 INFO o.a.j.t.JMeterThread: Thread finished: Thread Group 1-24
2024-06-05 09:44:02,920 INFO o.a.j.t.JMeterThread: Thread started: Thread Group 1-71
2024-06-05 09:44:03,021 INFO o.a.j.t.JMeterThread: Thread started: Thread Group 1-72
2024-06-05 09:44:03,118 INFO o.a.j.t.JMeterThread: Thread started: Thread Group 1-73
2024-06-05 09:44:03,141 INFO o.a.j.t.JMeterThread: Thread is done: Thread Group 1-20
2024-06-05 09:44:03,141 INFO o.a.j.t.JMeterThread: Thread finished: Thread Group 1-20
2024-06-05 09:44:03,193 INFO o.a.j.t.JMeterThread: Thread is done: Thread Group 1-25
2024-06-05 09:44:03,193 INFO o.a.j.t.JMeterThread: Thread finished: Thread Group 1-25
2024-06-05 09:44:03,219 INFO o.a.j.t.JMeterThread: Thread started: Thread Group 1-74
2024-06-05 09:44:03,320 INFO o.a.j.t.JMeterThread: Thread started: Thread Group 1-75
2024-06-05 09:44:03,419 INFO o.a.j.t.JMeterThread: Thread started: Thread Group 1-76
2024-06-05 09:44:03,525 INFO o.a.j.t.JMeterThread: Thread started: Thread Group 1-77
2024-06-05 09:44:03,557 INFO o.a.j.t.JMeterThread: Thread is done: Thread Group 1-23
2024-06-05 09:44:03,557 INFO o.a.j.t.JMeterThread: Thread finished: Thread Group 1-23
2024-06-05 09:44:03,604 INFO o.a.j.t.JMeterThread: Thread is done: Thread Group 1-31
2024-06-05 09:44:03,604 INFO o.a.j.t.JMeterThread: Thread finished: Thread Group 1-31
2024-06-05 09:44:03,626 INFO o.a.j.t.JMeterThread: Thread started: Thread Group 1-78
2024-06-05 09:44:03,649 INFO o.a.j.t.JMeterThread: Thread is done: Thread Group 1-28
2024-06-05 09:44:03,649 INFO o.a.j.t.JMeterThread: Thread finished: Thread Group 1-28
2024-06-05 09:44:03,725 INFO o.a.j.t.JMeterThread: Thread started: Thread Group 1-79
2024-06-05 09:44:03,825 INFO o.a.j.t.JMeterThread: Thread started: Thread Group 1-80
2024-06-05 09:44:03,899 INFO o.a.j.t.JMeterThread: Thread is done: Thread Group 1-29
2024-06-05 09:44:03,899 INFO o.a.j.t.JMeterThread: Thread finished: Thread Group 1-29
2024-06-05 09:44:03,925 INFO o.a.j.t.JMeterThread: Thread started: Thread Group 1-81
2024-06-05 09:44:04,023 INFO o.a.j.t.JMeterThread: Thread started: Thread Group 1-82
2024-06-05 09:44:04,122 INFO o.a.j.t.JMeterThread: Thread started: Thread Group 1-83
2024-06-05 09:44:04,221 INFO o.a.j.t.JMeterThread: Thread started: Thread Group 1-84
2024-06-05 09:44:04,320 INFO o.a.j.t.JMeterThread: Thread started: Thread Group 1-85
2024-06-05 09:44:04,417 INFO o.a.j.t.JMeterThread: Thread started: Thread Group 1-86
2024-06-05 09:44:04,514 INFO o.a.j.t.JMeterThread: Thread started: Thread Group 1-87
2024-06-05 09:44:04,577 INFO o.a.j.t.JMeterThread: Thread is done: Thread Group 1-30
2024-06-05 09:44:04,577 INFO o.a.j.t.JMeterThread: Thread finished: Thread Group 1-30
2024-06-05 09:44:04,593 INFO o.a.j.t.JMeterThread: Thread is done: Thread Group 1-34
2024-06-05 09:44:04,593 INFO o.a.j.t.JMeterThread: Thread finished: Thread Group 1-34
2024-06-05 09:44:04,610 INFO o.a.j.t.JMeterThread: Thread started: Thread Group 1-88
2024-06-05 09:44:04,616 INFO o.a.j.t.JMeterThread: Thread is done: Thread Group 1-33
2024-06-05 09:44:04,616 INFO o.a.j.t.JMeterThread: Thread finished: Thread Group 1-33
2024-06-05 09:44:04,710 INFO o.a.j.t.JMeterThread: Thread started: Thread Group 1-89
2024-06-05 09:44:04,807 INFO o.a.j.t.JMeterThread: Thread started: Thread Group 1-90
2024-06-05 09:44:04,900 INFO o.a.j.t.JMeterThread: Thread started: Thread Group 1-91
2024-06-05 09:44:04,996 INFO o.a.j.t.JMeterThread: Thread started: Thread Group 1-92
2024-06-05 09:44:05,088 INFO o.a.j.t.JMeterThread: Thread started: Thread Group 1-93
2024-06-05 09:44:05,179 INFO o.a.j.t.JMeterThread: Thread started: Thread Group 1-94
2024-06-05 09:44:05,239 INFO o.a.j.t.JMeterThread: Thread is done: Thread Group 1-37
2024-06-05 09:44:05,239 INFO o.a.j.t.JMeterThread: Thread finished: Thread Group 1-37
2024-06-05 09:44:05,275 INFO o.a.j.t.JMeterThread: Thread started: Thread Group 1-95
2024-06-05 09:44:05,369 INFO o.a.j.t.JMeterThread: Thread started: Thread Group 1-96
2024-06-05 09:44:05,433 INFO o.a.j.t.JMeterThread: Thread is done: Thread Group 1-39
2024-06-05 09:44:05,433 INFO o.a.j.t.JMeterThread: Thread finished: Thread Group 1-39
2024-06-05 09:44:05,461 INFO o.a.j.t.JMeterThread: Thread started: Thread Group 1-97
2024-06-05 09:44:05,554 INFO o.a.j.t.JMeterThread: Thread started: Thread Group 1-98
2024-06-05 09:44:05,575 INFO o.a.j.t.JMeterThread: Thread is done: Thread Group 1-47
2024-06-05 09:44:05,575 INFO o.a.j.t.JMeterThread: Thread finished: Thread Group 1-47
2024-06-05 09:44:05,642 INFO o.a.j.t.JMeterThread: Thread is done: Thread Group 1-38
2024-06-05 09:44:05,642 INFO o.a.j.t.JMeterThread: Thread finished: Thread Group 1-38
2024-06-05 09:44:05,643 INFO o.a.j.t.JMeterThread: Thread started: Thread Group 1-99
2024-06-05 09:44:05,725 INFO o.a.j.t.JMeterThread: Thread started: Thread Group 1-100
2024-06-05 09:44:05,769 INFO o.a.j.t.JMeterThread: Thread is done: Thread Group 1-41
2024-06-05 09:44:05,769 INFO o.a.j.t.JMeterThread: Thread finished: Thread Group 1-41
2024-06-05 09:44:05,811 INFO o.a.j.t.JMeterThread: Thread is done: Thread Group 1-46
2024-06-05 09:44:05,811 INFO o.a.j.t.JMeterThread: Thread finished: Thread Group 1-46
2024-06-05 09:44:05,869 INFO o.a.j.t.JMeterThread: Thread is done: Thread Group 1-35
2024-06-05 09:44:05,869 INFO o.a.j.t.JMeterThread: Thread finished: Thread Group 1-35
2024-06-05 09:44:05,871 INFO o.a.j.t.JMeterThread: Thread is done: Thread Group 1-36
2024-06-05 09:44:05,871 INFO o.a.j.t.JMeterThread: Thread finished: Thread Group 1-36
2024-06-05 09:44:06,613 INFO o.a.j.t.JMeterThread: Thread is done: Thread Group 1-44
2024-06-05 09:44:06,614 INFO o.a.j.t.JMeterThread: Thread finished: Thread Group 1-44
2024-06-05 09:44:06,613 INFO o.a.j.t.JMeterThread: Thread is done: Thread Group 1-43
2024-06-05 09:44:06,614 INFO o.a.j.t.JMeterThread: Thread finished: Thread Group 1-43
2024-06-05 09:44:06,620 INFO o.a.j.t.JMeterThread: Thread is done: Thread Group 1-56
2024-06-05 09:44:06,620 INFO o.a.j.t.JMeterThread: Thread finished: Thread Group 1-56
2024-06-05 09:44:06,649 INFO o.a.j.t.JMeterThread: Thread is done: Thread Group 1-32
2024-06-05 09:44:06,649 INFO o.a.j.t.JMeterThread: Thread finished: Thread Group 1-32
2024-06-05 09:44:06,707 INFO o.a.j.t.JMeterThread: Thread is done: Thread Group 1-50
2024-06-05 09:44:06,707 INFO o.a.j.t.JMeterThread: Thread finished: Thread Group 1-50
2024-06-05 09:44:07,435 INFO o.a.j.t.JMeterThread: Thread is done: Thread Group 1-42
2024-06-05 09:44:07,436 INFO o.a.j.t.JMeterThread: Thread finished: Thread Group 1-42
2024-06-05 09:44:07,633 INFO o.a.j.t.JMeterThread: Thread is done: Thread Group 1-49
2024-06-05 09:44:07,633 INFO o.a.j.t.JMeterThread: Thread finished: Thread Group 1-49
2024-06-05 09:44:07,666 INFO o.a.j.t.JMeterThread: Thread is done: Thread Group 1-51
2024-06-05 09:44:07,666 INFO o.a.j.t.JMeterThread: Thread finished: Thread Group 1-51
2024-06-05 09:44:07,666 INFO o.a.j.t.JMeterThread: Thread is done: Thread Group 1-45
2024-06-05 09:44:07,666 INFO o.a.j.t.JMeterThread: Thread finished: Thread Group 1-45
2024-06-05 09:44:08,197 INFO o.a.j.t.JMeterThread: Thread is done: Java Threads 2-10
2024-06-05 09:44:08,197 INFO o.a.j.t.JMeterThread: Thread finished: Java Threads 2-10
2024-06-05 09:44:08,288 INFO o.a.j.t.JMeterThread: Thread is done: Java Threads 2-7
2024-06-05 09:44:08,291 INFO o.a.j.t.JMeterThread: Thread finished: Java Threads 2-7
2024-06-05 09:44:08,291 INFO o.a.j.t.JMeterThread: Thread is done: Java Threads 2-8
2024-06-05 09:44:08,291 INFO o.a.j.t.JMeterThread: Thread finished: Java Threads 2-8
2024-06-05 09:44:08,362 INFO o.a.j.t.JMeterThread: Thread is done: Java Threads 2-9
2024-06-05 09:44:08,362 INFO o.a.j.t.JMeterThread: Thread finished: Java Threads 2-9
2024-06-05 09:44:08,371 INFO o.a.j.t.JMeterThread: Thread is done: Java Threads 2-3
2024-06-05 09:44:08,371 INFO o.a.j.t.JMeterThread: Thread is done: Java Threads 2-1
2024-06-05 09:44:08,371 INFO o.a.j.t.JMeterThread: Thread finished: Java Threads 2-3
2024-06-05 09:44:08,371 INFO o.a.j.t.JMeterThread: Thread is done: Java Threads 2-4
2024-06-05 09:44:08,371 INFO o.a.j.t.JMeterThread: Thread is done: Java Threads 2-2
2024-06-05 09:44:08,371 INFO o.a.j.t.JMeterThread: Thread finished: Java Threads 2-2
2024-06-05 09:44:08,371 INFO o.a.j.t.JMeterThread: Thread finished: Java Threads 2-4
2024-06-05 09:44:08,371 INFO o.a.j.t.JMeterThread: Thread finished: Java Threads 2-1
2024-06-05 09:44:08,374 INFO o.a.j.t.JMeterThread: Thread is done: Java Threads 2-6
2024-06-05 09:44:08,375 INFO o.a.j.t.JMeterThread: Thread finished: Java Threads 2-6
2024-06-05 09:44:08,449 INFO o.a.j.t.JMeterThread: Thread is done: Thread Group 1-48
2024-06-05 09:44:08,450 INFO o.a.j.t.JMeterThread: Thread finished: Thread Group 1-48
2024-06-05 09:44:08,471 INFO o.a.j.t.JMeterThread: Thread is done: Thread Group 1-53
2024-06-05 09:44:08,471 INFO o.a.j.t.JMeterThread: Thread finished: Thread Group 1-53
2024-06-05 09:44:08,644 INFO o.a.j.t.JMeterThread: Thread is done: Thread Group 1-40
2024-06-05 09:44:08,644 INFO o.a.j.t.JMeterThread: Thread finished: Thread Group 1-40
2024-06-05 09:44:08,735 INFO o.a.j.t.JMeterThread: Thread is done: Thread Group 1-54
2024-06-05 09:44:08,736 INFO o.a.j.t.JMeterThread: Thread finished: Thread Group 1-54
2024-06-05 09:44:08,770 INFO o.a.j.t.JMeterThread: Thread is done: Thread Group 1-59
2024-06-05 09:44:08,770 INFO o.a.j.t.JMeterThread: Thread finished: Thread Group 1-59
2024-06-05 09:44:08,877 INFO o.a.j.t.JMeterThread: Thread is done: Thread Group 1-57
2024-06-05 09:44:08,877 INFO o.a.j.t.JMeterThread: Thread finished: Thread Group 1-57
2024-06-05 09:44:08,921 INFO o.a.j.t.JMeterThread: Thread is done: Thread Group 1-65
2024-06-05 09:44:08,921 INFO o.a.j.t.JMeterThread: Thread finished: Thread Group 1-65
2024-06-05 09:44:08,972 INFO o.a.j.t.JMeterThread: Thread is done: Java Threads 2-5
2024-06-05 09:44:08,972 INFO o.a.j.t.JMeterThread: Thread finished: Java Threads 2-5
2024-06-05 09:44:09,359 INFO o.a.j.t.JMeterThread: Thread is done: Thread Group 1-67
2024-06-05 09:44:09,360 INFO o.a.j.t.JMeterThread: Thread finished: Thread Group 1-67
2024-06-05 09:44:09,382 INFO o.a.j.t.JMeterThread: Thread is done: Thread Group 1-52
2024-06-05 09:44:09,383 INFO o.a.j.t.JMeterThread: Thread finished: Thread Group 1-52
2024-06-05 09:44:09,424 INFO o.a.j.t.JMeterThread: Thread is done: Thread Group 1-68
2024-06-05 09:44:09,424 INFO o.a.j.t.JMeterThread: Thread finished: Thread Group 1-68
2024-06-05 09:44:09,441 INFO o.a.j.t.JMeterThread: Thread is done: Thread Group 1-64
2024-06-05 09:44:09,441 INFO o.a.j.t.JMeterThread: Thread finished: Thread Group 1-64
2024-06-05 09:44:09,718 INFO o.a.j.t.JMeterThread: Thread is done: Thread Group 1-66
2024-06-05 09:44:09,719 INFO o.a.j.t.JMeterThread: Thread finished: Thread Group 1-66
2024-06-05 09:44:09,726 INFO o.a.j.t.JMeterThread: Thread is done: Thread Group 1-60
2024-06-05 09:44:09,726 INFO o.a.j.t.JMeterThread: Thread finished: Thread Group 1-60
2024-06-05 09:44:09,756 INFO o.a.j.t.JMeterThread: Thread is done: Thread Group 1-55
2024-06-05 09:44:09,756 INFO o.a.j.t.JMeterThread: Thread finished: Thread Group 1-55
2024-06-05 09:44:09,781 INFO o.a.j.t.JMeterThread: Thread is done: Thread Group 1-61
2024-06-05 09:44:09,782 INFO o.a.j.t.JMeterThread: Thread finished: Thread Group 1-61
2024-06-05 09:44:09,894 INFO o.a.j.t.JMeterThread: Thread is done: Thread Group 1-58
2024-06-05 09:44:09,894 INFO o.a.j.t.JMeterThread: Thread finished: Thread Group 1-58
2024-06-05 09:44:09,917 INFO o.a.j.t.JMeterThread: Thread is done: Thread Group 1-89
2024-06-05 09:44:09,917 INFO o.a.j.t.JMeterThread: Thread finished: Thread Group 1-89
2024-06-05 09:44:09,926 INFO o.a.j.t.JMeterThread: Thread is done: Thread Group 1-62
2024-06-05 09:44:09,926 INFO o.a.j.t.JMeterThread: Thread finished: Thread Group 1-62
2024-06-05 09:44:10,003 INFO o.a.j.t.JMeterThread: Thread is done: Thread Group 1-72
2024-06-05 09:44:10,004 INFO o.a.j.t.JMeterThread: Thread finished: Thread Group 1-72
2024-06-05 09:44:10,197 INFO o.a.j.t.JMeterThread: Thread is done: Thread Group 1-86
2024-06-05 09:44:10,197 INFO o.a.j.t.JMeterThread: Thread finished: Thread Group 1-86
2024-06-05 09:44:10,274 INFO o.a.j.t.JMeterThread: Thread is done: Thread Group 1-73
2024-06-05 09:44:10,274 INFO o.a.j.t.JMeterThread: Thread finished: Thread Group 1-73
2024-06-05 09:44:10,460 INFO o.a.j.t.JMeterThread: Thread is done: Thread Group 1-69
2024-06-05 09:44:10,462 INFO o.a.j.t.JMeterThread: Thread finished: Thread Group 1-69
2024-06-05 09:44:10,530 INFO o.a.j.t.JMeterThread: Thread is done: Thread Group 1-71
2024-06-05 09:44:10,530 INFO o.a.j.t.JMeterThread: Thread finished: Thread Group 1-71
2024-06-05 09:44:10,575 INFO o.a.j.t.JMeterThread: Thread is done: Thread Group 1-63
2024-06-05 09:44:10,576 INFO o.a.j.t.JMeterThread: Thread finished: Thread Group 1-63
2024-06-05 09:44:10,585 INFO o.a.j.t.JMeterThread: Thread is done: Thread Group 1-75
2024-06-05 09:44:10,585 INFO o.a.j.t.JMeterThread: Thread finished: Thread Group 1-75
2024-06-05 09:44:10,699 INFO o.a.j.g.a.Start: Stopping test
2024-06-05 09:44:10,724 INFO o.a.j.t.JMeterThread: Stopping: Thread Group 1-76
2024-06-05 09:44:10,725 WARN o.a.j.t.JMeterThread: Interrupting: Thread Group 1-76 sampler: Login
2024-06-05 09:44:10,731 INFO o.a.j.t.JMeterThread: Stopping: Thread Group 1-97
2024-06-05 09:44:10,732 WARN o.a.j.t.JMeterThread: Interrupting: Thread Group 1-97 sampler: Login
2024-06-05 09:44:10,732 INFO o.a.j.t.JMeterThread: Stopping: Thread Group 1-88
2024-06-05 09:44:10,732 WARN o.a.j.t.JMeterThread: Interrupting: Thread Group 1-88 sampler: Login
2024-06-05 09:44:10,732 INFO o.a.j.t.JMeterThread: Stopping: Thread Group 1-74
2024-06-05 09:44:10,733 WARN o.a.j.t.JMeterThread: Interrupting: Thread Group 1-74 sampler: Login
2024-06-05 09:44:10,733 INFO o.a.j.t.JMeterThread: Stopping: Thread Group 1-90
2024-06-05 09:44:10,733 WARN o.a.j.t.JMeterThread: Interrupting: Thread Group 1-90 sampler: Product List
2024-06-05 09:44:10,733 INFO o.a.j.t.JMeterThread: Stopping: Thread Group 1-92
2024-06-05 09:44:10,733 WARN o.a.j.t.JMeterThread: Interrupting: Thread Group 1-92 sampler: Login
2024-06-05 09:44:10,734 INFO o.a.j.t.JMeterThread: Stopping: Thread Group 1-87
2024-06-05 09:44:10,734 WARN o.a.j.t.JMeterThread: Interrupting: Thread Group 1-87 sampler: Login
2024-06-05 09:44:10,735 INFO o.a.j.t.JMeterThread: Thread finished: Thread Group 1-92
2024-06-05 09:44:10,735 INFO o.a.j.t.JMeterThread: Thread is done: Thread Group 1-76
2024-06-05 09:44:10,735 INFO o.a.j.t.JMeterThread: Stopping: Thread Group 1-79
2024-06-05 09:44:10,736 INFO o.a.j.t.JMeterThread: Thread finished: Thread Group 1-87
2024-06-05 09:44:10,736 INFO o.a.j.t.JMeterThread: Thread finished: Thread Group 1-90
2024-06-05 09:44:10,736 INFO o.a.j.t.JMeterThread: Thread finished: Thread Group 1-97
2024-06-05 09:44:10,737 INFO o.a.j.t.JMeterThread: Thread is done: Thread Group 1-74
2024-06-05 09:44:10,737 INFO o.a.j.t.JMeterThread: Thread finished: Thread Group 1-74
2024-06-05 09:44:10,735 INFO o.a.j.t.JMeterThread: Thread finished: Thread Group 1-88
2024-06-05 09:44:10,737 INFO o.a.j.t.JMeterThread: Thread finished: Thread Group 1-76
2024-06-05 09:44:10,737 WARN o.a.j.t.JMeterThread: Interrupting: Thread Group 1-79 sampler: Product List
2024-06-05 09:44:10,737 INFO o.a.j.t.JMeterThread: Stopping: Thread Group 1-82
2024-06-05 09:44:10,737 WARN o.a.j.t.JMeterThread: Interrupting: Thread Group 1-82 sampler: Login
2024-06-05 09:44:10,738 INFO o.a.j.t.JMeterThread: Thread finished: Thread Group 1-79
2024-06-05 09:44:10,738 INFO o.a.j.t.JMeterThread: Stopping: Thread Group 1-70
2024-06-05 09:44:10,738 WARN o.a.j.t.JMeterThread: Interrupting: Thread Group 1-70 sampler: Product Create
2024-06-05 09:44:10,738 INFO o.a.j.t.JMeterThread: Stopping: Thread Group 1-96
2024-06-05 09:44:10,738 WARN o.a.j.t.JMeterThread: Interrupting: Thread Group 1-96 sampler: Product List
2024-06-05 09:44:10,738 INFO o.a.j.t.JMeterThread: Thread finished: Thread Group 1-70
2024-06-05 09:44:10,738 INFO o.a.j.t.JMeterThread: Thread finished: Thread Group 1-82
2024-06-05 09:44:10,738 INFO o.a.j.t.JMeterThread: Stopping: Thread Group 1-78
2024-06-05 09:44:10,738 WARN o.a.j.t.JMeterThread: Interrupting: Thread Group 1-78 sampler: Login
2024-06-05 09:44:10,739 INFO o.a.j.t.JMeterThread: Stopping: Thread Group 1-77
2024-06-05 09:44:10,739 WARN o.a.j.t.JMeterThread: Interrupting: Thread Group 1-77 sampler: Product Create
2024-06-05 09:44:10,739 INFO o.a.j.t.JMeterThread: Thread is done: Thread Group 1-78
2024-06-05 09:44:10,739 INFO o.a.j.t.JMeterThread: Thread finished: Thread Group 1-78
2024-06-05 09:44:10,739 INFO o.a.j.t.JMeterThread: Stopping: Thread Group 1-91
2024-06-05 09:44:10,739 WARN o.a.j.t.JMeterThread: Interrupting: Thread Group 1-91 sampler: Product List
2024-06-05 09:44:10,739 INFO o.a.j.t.JMeterThread: Thread finished: Thread Group 1-96
2024-06-05 09:44:10,739 INFO o.a.j.t.JMeterThread: Stopping: Thread Group 1-93
2024-06-05 09:44:10,739 INFO o.a.j.t.JMeterThread: Thread finished: Thread Group 1-77
2024-06-05 09:44:10,739 WARN o.a.j.t.JMeterThread: Interrupting: Thread Group 1-93 sampler: Login
2024-06-05 09:44:10,740 INFO o.a.j.t.JMeterThread: Thread finished: Thread Group 1-91
2024-06-05 09:44:10,740 INFO o.a.j.t.JMeterThread: Stopping: Thread Group 1-94
2024-06-05 09:44:10,740 WARN o.a.j.t.JMeterThread: Interrupting: Thread Group 1-94 sampler: Product List
2024-06-05 09:44:10,740 INFO o.a.j.t.JMeterThread: Stopping: Thread Group 1-95
2024-06-05 09:44:10,740 WARN o.a.j.t.JMeterThread: Interrupting: Thread Group 1-95 sampler: Product List
2024-06-05 09:44:10,740 INFO o.a.j.t.JMeterThread: Thread finished: Thread Group 1-94
2024-06-05 09:44:10,740 INFO o.a.j.t.JMeterThread: Stopping: Thread Group 1-85
2024-06-05 09:44:10,740 WARN o.a.j.t.JMeterThread: Interrupting: Thread Group 1-85 sampler: Product Create
2024-06-05 09:44:10,740 INFO o.a.j.t.JMeterThread: Thread finished: Thread Group 1-95
2024-06-05 09:44:10,740 INFO o.a.j.t.JMeterThread: Thread finished: Thread Group 1-93
2024-06-05 09:44:10,740 INFO o.a.j.t.JMeterThread: Stopping: Thread Group 1-84
2024-06-05 09:44:10,741 WARN o.a.j.t.JMeterThread: Interrupting: Thread Group 1-84 sampler: Login
2024-06-05 09:44:10,741 INFO o.a.j.t.JMeterThread: Stopping: Thread Group 1-100
2024-06-05 09:44:10,741 INFO o.a.j.t.JMeterThread: Thread finished: Thread Group 1-85
2024-06-05 09:44:10,741 WARN o.a.j.t.JMeterThread: Interrupting: Thread Group 1-100 sampler: Product List
2024-06-05 09:44:10,741 INFO o.a.j.t.JMeterThread: Stopping: Thread Group 1-80
2024-06-05 09:44:10,741 WARN o.a.j.t.JMeterThread: Interrupting: Thread Group 1-80 sampler: Login
2024-06-05 09:44:10,741 INFO o.a.j.t.JMeterThread: Stopping: Thread Group 1-83
2024-06-05 09:44:10,741 WARN o.a.j.t.JMeterThread: Interrupting: Thread Group 1-83 sampler: Product List
2024-06-05 09:44:10,741 INFO o.a.j.t.JMeterThread: Thread finished: Thread Group 1-100
2024-06-05 09:44:10,741 INFO o.a.j.t.JMeterThread: Thread is done: Thread Group 1-80
2024-06-05 09:44:10,741 INFO o.a.j.t.JMeterThread: Thread finished: Thread Group 1-80
2024-06-05 09:44:10,741 INFO o.a.j.t.JMeterThread: Stopping: Thread Group 1-99
2024-06-05 09:44:10,741 WARN o.a.j.t.JMeterThread: Interrupting: Thread Group 1-99 sampler: Login
2024-06-05 09:44:10,742 INFO o.a.j.t.JMeterThread: Stopping: Thread Group 1-98
2024-06-05 09:44:10,742 WARN o.a.j.t.JMeterThread: Interrupting: Thread Group 1-98 sampler: Product Create
2024-06-05 09:44:10,742 INFO o.a.j.t.JMeterThread: Thread finished: Thread Group 1-83
2024-06-05 09:44:10,741 INFO o.a.j.t.JMeterThread: Thread finished: Thread Group 1-84
2024-06-05 09:44:10,742 INFO o.a.j.t.JMeterThread: Stopping: Thread Group 1-81
2024-06-05 09:44:10,742 WARN o.a.j.t.JMeterThread: Interrupting: Thread Group 1-81 sampler: Login
2024-06-05 09:44:10,742 INFO o.a.j.t.JMeterThread: Thread finished: Thread Group 1-99
2024-06-05 09:44:10,742 INFO o.a.j.t.JMeterThread: Thread finished: Thread Group 1-98
2024-06-05 09:44:10,743 INFO o.a.j.t.JMeterThread: Thread finished: Thread Group 1-81
2024-06-05 09:44:10,743 INFO o.a.j.e.StandardJMeterEngine: Notifying test listeners of end of test
2024-06-05 09:44:10,743 INFO o.a.j.g.u.JMeterMenuBar: setRunning(false, *local*)
